<?xml version="1.0" encoding="UTF-8"?>
<testng-results ignored="0" total="1" passed="1" failed="0" skipped="0">
  <reporter-output>
  </reporter-output>
  <suite started-at="2024-04-18T22:15:54 IST" name="Default suite" finished-at="2024-04-18T22:16:05 IST" duration-ms="10296">
    <groups>
    </groups>
    <test started-at="2024-04-18T22:15:54 IST" name="Default test" finished-at="2024-04-18T22:16:05 IST" duration-ms="10296">
      <class name="mobileAppScenarios.Lock_Unlock_Rotate">
        <test-method is-config="true" signature="setUp()[pri:0, instance:mobileAppScenarios.Lock_Unlock_Rotate@7bab3f1a]" started-at="2024-04-18T22:15:54 IST" name="setUp" finished-at="2024-04-18T22:16:04 IST" duration-ms="9766" status="PASS">
          <reporter-output>
          </reporter-output>
        </test-method> <!-- setUp -->
        <test-method signature="testLock_Unlock_Rotate()[pri:0, instance:mobileAppScenarios.Lock_Unlock_Rotate@7bab3f1a]" started-at="2024-04-18T22:16:04 IST" name="testLock_Unlock_Rotate" finished-at="2024-04-18T22:16:05 IST" duration-ms="465" status="PASS">
          <reporter-output>
          </reporter-output>
        </test-method> <!-- testLock_Unlock_Rotate -->
      </class> <!-- mobileAppScenarios.Lock_Unlock_Rotate -->
    </test> <!-- Default test -->
  </suite> <!-- Default suite -->
</testng-results>
