<?xml version="1.0" encoding="UTF-8"?>
<testng-results ignored="0" total="1" passed="1" failed="0" skipped="0">
  <reporter-output>
  </reporter-output>
  <suite started-at="2024-04-19T22:20:40 IST" name="Suite" finished-at="2024-04-19T22:20:58 IST" duration-ms="17819">
    <groups>
    </groups>
    <test started-at="2024-04-19T22:20:40 IST" name="Test" finished-at="2024-04-19T22:20:58 IST" duration-ms="17819">
      <class name="mobileAppScenarios.AlertHandling2">
        <test-method is-config="true" signature="setUp()[pri:0, instance:mobileAppScenarios.AlertHandling2@512baff6]" started-at="2024-04-19T22:20:40 IST" name="setUp" finished-at="2024-04-19T22:20:51 IST" duration-ms="11037" status="PASS">
          <reporter-output>
          </reporter-output>
        </test-method> <!-- setUp -->
        <test-method signature="testEntryDialog()[pri:0, instance:mobileAppScenarios.AlertHandling2@512baff6]" started-at="2024-04-19T22:20:51 IST" name="testEntryDialog" finished-at="2024-04-19T22:20:58 IST" duration-ms="6717" status="PASS">
          <reporter-output>
          </reporter-output>
        </test-method> <!-- testEntryDialog -->
      </class> <!-- mobileAppScenarios.AlertHandling2 -->
    </test> <!-- Test -->
  </suite> <!-- Suite -->
</testng-results>
